[28-Feb-2023 15:45:52 Africa/Lagos] PHP Warning:  Undefined variable $schoolname in C:\xampp\htdocs\Softwares\Automated-Attendance-Software\functions\functions.php on line 361
[28-Feb-2023 15:45:52 Africa/Lagos] PHP Deprecated:  mysqli_real_escape_string(): Passing null to parameter #2 ($string) of type string is deprecated in C:\xampp\htdocs\Softwares\Automated-Attendance-Software\functions\db.php on line 18
[28-Feb-2023 15:45:52 Africa/Lagos] PHP Warning:  Undefined variable $website in C:\xampp\htdocs\Softwares\Automated-Attendance-Software\functions\functions.php on line 362
[28-Feb-2023 15:45:52 Africa/Lagos] PHP Deprecated:  mysqli_real_escape_string(): Passing null to parameter #2 ($string) of type string is deprecated in C:\xampp\htdocs\Softwares\Automated-Attendance-Software\functions\db.php on line 18
[28-Feb-2023 15:45:52 Africa/Lagos] PHP Warning:  Undefined variable $alias in C:\xampp\htdocs\Softwares\Automated-Attendance-Software\functions\functions.php on line 363
[28-Feb-2023 15:45:52 Africa/Lagos] PHP Deprecated:  mysqli_real_escape_string(): Passing null to parameter #2 ($string) of type string is deprecated in C:\xampp\htdocs\Softwares\Automated-Attendance-Software\functions\db.php on line 18
[28-Feb-2023 15:45:52 Africa/Lagos] PHP Warning:  Undefined variable $telephone in C:\xampp\htdocs\Softwares\Automated-Attendance-Software\functions\functions.php on line 364
[28-Feb-2023 15:45:52 Africa/Lagos] PHP Deprecated:  mysqli_real_escape_string(): Passing null to parameter #2 ($string) of type string is deprecated in C:\xampp\htdocs\Softwares\Automated-Attendance-Software\functions\db.php on line 18
[28-Feb-2023 15:45:52 Africa/Lagos] PHP Warning:  Undefined variable $address in C:\xampp\htdocs\Softwares\Automated-Attendance-Software\functions\functions.php on line 365
[28-Feb-2023 15:45:52 Africa/Lagos] PHP Deprecated:  mysqli_real_escape_string(): Passing null to parameter #2 ($string) of type string is deprecated in C:\xampp\htdocs\Softwares\Automated-Attendance-Software\functions\db.php on line 18
[28-Feb-2023 15:45:52 Africa/Lagos] PHP Warning:  Undefined variable $blksmnme in C:\xampp\htdocs\Softwares\Automated-Attendance-Software\functions\functions.php on line 366
[28-Feb-2023 15:45:52 Africa/Lagos] PHP Deprecated:  mysqli_real_escape_string(): Passing null to parameter #2 ($string) of type string is deprecated in C:\xampp\htdocs\Softwares\Automated-Attendance-Software\functions\db.php on line 18
[28-Feb-2023 15:45:52 Africa/Lagos] PHP Warning:  Undefined variable $blksmseml in C:\xampp\htdocs\Softwares\Automated-Attendance-Software\functions\functions.php on line 367
[28-Feb-2023 15:45:52 Africa/Lagos] PHP Deprecated:  mysqli_real_escape_string(): Passing null to parameter #2 ($string) of type string is deprecated in C:\xampp\htdocs\Softwares\Automated-Attendance-Software\functions\db.php on line 18
[28-Feb-2023 15:45:52 Africa/Lagos] PHP Warning:  Undefined variable $blkpwrd in C:\xampp\htdocs\Softwares\Automated-Attendance-Software\functions\functions.php on line 368
[28-Feb-2023 15:45:52 Africa/Lagos] PHP Deprecated:  mysqli_real_escape_string(): Passing null to parameter #2 ($string) of type string is deprecated in C:\xampp\htdocs\Softwares\Automated-Attendance-Software\functions\db.php on line 18
[28-Feb-2023 15:45:52 Africa/Lagos] PHP Warning:  Undefined variable $whtkn in C:\xampp\htdocs\Softwares\Automated-Attendance-Software\functions\functions.php on line 369
[28-Feb-2023 15:45:52 Africa/Lagos] PHP Deprecated:  mysqli_real_escape_string(): Passing null to parameter #2 ($string) of type string is deprecated in C:\xampp\htdocs\Softwares\Automated-Attendance-Software\functions\db.php on line 18
[28-Feb-2023 15:45:52 Africa/Lagos] PHP Warning:  Undefined variable $intanceid in C:\xampp\htdocs\Softwares\Automated-Attendance-Software\functions\functions.php on line 370
[28-Feb-2023 15:45:52 Africa/Lagos] PHP Deprecated:  mysqli_real_escape_string(): Passing null to parameter #2 ($string) of type string is deprecated in C:\xampp\htdocs\Softwares\Automated-Attendance-Software\functions\db.php on line 18
[28-Feb-2023 15:45:52 Africa/Lagos] PHP Warning:  Undefined variable $timein in C:\xampp\htdocs\Softwares\Automated-Attendance-Software\functions\functions.php on line 371
[28-Feb-2023 15:45:52 Africa/Lagos] PHP Deprecated:  mysqli_real_escape_string(): Passing null to parameter #2 ($string) of type string is deprecated in C:\xampp\htdocs\Softwares\Automated-Attendance-Software\functions\db.php on line 18
